Raw JSON Data: 
JSON Decode Error: Syntax error
Raw JSON Data: 
JSON Decode Error: Syntax error
Raw JSON Data: 
JSON Decode Error: Syntax error
Raw JSON Data: 
JSON Decode Error: Syntax error
Raw JSON Data: 
JSON Decode Error: Syntax error
Raw JSON Data: {"data":"{\"yahya_2024-12-03\":{\"type\":null,\"Concept\":\"\",\"caption\":\"3gafgafadsafaw\",\"socialMedia\":[],\"sponsors\":null,\"state\":\"saved\",\"color\":\"blue\"}}"}
Client Name: data | Event Date: 
Invalid date format for Event Date: 
Raw JSON Data: 
JSON Decode Error: Syntax error
Raw JSON Data: 
JSON Decode Error: Syntax error
Raw JSON Data: {"data":"{\"test_2024-09-03\":{\"type\":\"static\",\"Concept\":\"\",\"caption\":\"3gafgafadsafaw\",\"socialMedia\":[],\"sponsors\":null,\"state\":\"saved\",\"color\":\"blue\"}}"}
Client Name: data | Event Date: 
Invalid date format for Event Date: 
Raw JSON Data: {"data":"{\"test_2024-09-03\":{\"type\":\"static\",\"Concept\":\"\",\"caption\":\"3gafgafadsafaw\",\"socialMedia\":[],\"sponsors\":null,\"state\":\"saved\",\"color\":\"blue\"}}"}
Client Name: data | Event Date: 
Invalid date format for Event Date: 
Raw JSON Data: 
JSON Decode Error: Syntax error
Raw JSON Data: {"data":"{\"hi_2024-12-03\":{\"type\":null,\"Concept\":\"\",\"caption\":\"3gafgafadsafaw\",\"socialMedia\":[],\"sponsors\":null,\"state\":\"saved\",\"color\":\"blue\"}}"}
Client Name: data | Event Date: 
Invalid date format for Event Date: 
